#
# There is insufficient memory for the Java Runtime Environment to continue.
# Native memory allocation (malloc) failed to allocate 1053456 bytes for Chunk::new
# Possible reasons:
#   The system is out of physical RAM or swap space
#   In 32 bit mode, the process size limit was hit
# Possible solutions:
#   Reduce memory load on the system
#   Increase physical memory or swap space
#   Check if swap backing store is full
#   Use 64 bit Java on a 64 bit OS
#   Decrease Java heap size (-Xmx/-Xms)
#   Decrease number of Java threads
#   Decrease Java thread stack sizes (-Xss)
#   Set larger code cache with -XX:ReservedCodeCacheSize=
# This output file may be truncated or incomplete.
#
#  Out of Memory Error (allocation.cpp:390), pid=6112, tid=0x0000000000000b54
#
# JRE version: OpenJDK Runtime Environment (8.0_152-b02) (build 1.8.0_152-release-1024-b02)
# Java VM: OpenJDK 64-Bit Server VM (25.152-b02 mixed mode windows-amd64 compressed oops)
# Failed to write core dump. Minidumps are not enabled by default on client versions of Windows
#

---------------  T H R E A D  ---------------

Current thread (0x000000001663d800):  JavaThread "C2 CompilerThread0" daemon [_thread_in_native, id=2900, stack(0x0000000017c80000,0x0000000017d80000)]

Stack: [0x0000000017c80000,0x0000000017d80000]
[error occurred during error reporting (printing stack bounds), id 0xc0000005]

Native frames: (J=compiled Java code, j=interpreted, Vv=VM code, C=native code)


Current CompileTask:
C2:  11978 4131   !   4       com.sun.beans.TypeResolver::resolve (274 bytes)


---------------  P R O C E S S  ---------------

Java Threads: ( => current thread )
  0x000000001bdb2800 JavaThread "Memory manager" [_thread_blocked, id=11092, stack(0x0000000020b70000,0x0000000020c70000)]
  0x000000001bdb1000 JavaThread "build operations Thread 4" [_thread_blocked, id=18232, stack(0x0000000020670000,0x0000000020770000)]
  0x000000001bdb5800 JavaThread "build operations Thread 3" [_thread_blocked, id=14892, stack(0x0000000020570000,0x0000000020670000)]
  0x000000001bdb7000 JavaThread "build operations Thread 2" [_thread_blocked, id=17244, stack(0x0000000020470000,0x0000000020570000)]
  0x000000001bdb6000 JavaThread "build operations" [_thread_blocked, id=17316, stack(0x0000000020370000,0x0000000020470000)]
  0x000000001bdb1800 JavaThread "Cache worker for Artifact transforms cache (C:\Users\nisch100\.gradle\caches\transforms-1)" [_thread_blocked, id=528, stack(0x000000001fe10000,0x000000001ff10000)]
  0x0000000019b28000 JavaThread "Cache worker for file hash cache (C:\Users\nisch100\AndroidStudioProjects\CallABus\.gradle\4.4\fileHashes)" [_thread_blocked, id=4536, stack(0x000000001c1a0000,0x000000001c2a0000)]
  0x0000000019736000 JavaThread "File lock request listener" [_thread_in_native, id=1580, stack(0x000000001b0d0000,0x000000001b1d0000)]
  0x0000000019669000 JavaThread "Cache worker for file hash cache (C:\Users\nisch100\.gradle\caches\4.4\fileHashes)" [_thread_blocked, id=16784, stack(0x000000001afd0000,0x000000001b0d0000)]
  0x0000000019693800 JavaThread "Stdin handler" [_thread_blocked, id=2504, stack(0x000000001acd0000,0x000000001add0000)]
  0x0000000019693000 JavaThread "Asynchronous log dispatcher for DefaultDaemonConnection: socket connection from /127.0.0.1:52593 to /127.0.0.1:52594" [_thread_blocked, id=18388, stack(0x000000001abd0000,0x000000001acd0000)]
  0x0000000019679800 JavaThread "Daemon worker" [_thread_in_Java, id=16576, stack(0x000000001aad0000,0x000000001abd0000)]
  0x0000000019697800 JavaThread "Cancel handler" [_thread_blocked, id=17452, stack(0x000000001a9d0000,0x000000001aad0000)]
  0x000000001824d800 JavaThread "Handler for socket connection from /127.0.0.1:52593 to /127.0.0.1:52594" [_thread_in_native, id=17492, stack(0x000000001a6d0000,0x000000001a7d0000)]
  0x000000001824a800 JavaThread "Daemon" [_thread_blocked, id=14948, stack(0x000000001a5d0000,0x000000001a6d0000)]
  0x0000000019596800 JavaThread "Daemon periodic checks" [_thread_blocked, id=1688, stack(0x000000001a4d0000,0x000000001a5d0000)]
  0x000000001955f800 JavaThread "Incoming local TCP Connector on port 52593" [_thread_in_native, id=17748, stack(0x000000001a290000,0x000000001a390000)]
  0x0000000017fa8800 JavaThread "Service Thread" daemon [_thread_blocked, id=2668, stack(0x0000000018380000,0x0000000018480000)]
  0x000000001664b800 JavaThread "C1 CompilerThread2" daemon [_thread_blocked, id=5864, stack(0x0000000017e80000,0x0000000017f80000)]
  0x0000000016643800 JavaThread "C2 CompilerThread1" daemon [_thread_blocked, id=3576, stack(0x0000000017d80000,0x0000000017e80000)]
=>0x000000001663d800 JavaThread "C2 CompilerThread0" daemon [_thread_in_native, id=2900, stack(0x0000000017c80000,0x0000000017d80000)]
  0x000000001663c000 JavaThread "Attach Listener" daemon [_thread_blocked, id=10940, stack(0x0000000017b80000,0x0000000017c80000)]
  0x000000001663b000 JavaThread "Signal Dispatcher" daemon [_thread_blocked, id=3620, stack(0x0000000017a80000,0x0000000017b80000)]
  0x000000001662d000 JavaThread "Finalizer" daemon [_thread_blocked, id=3368, stack(0x0000000017890000,0x0000000017990000)]
  0x0000000002cc5000 JavaThread "Reference Handler" daemon [_thread_blocked, id=17536, stack(0x0000000017790000,0x0000000017890000)]
  0x0000000002bd2800 JavaThread "main" [_thread_blocked, id=988, stack(0x00000000029f0000,0x0000000002af0000)]

Other Threads:
  0x0000000016606000 VMThread [stack: 0x0000000017690000,0x0000000017790000] [id=3560]
  0x000000001669d800 WatcherThread [stack: 0x0000000018480000,0x0000000018580000] [id=17128]

VM state:not at safepoint (normal execution)

VM Mutex/Monitor currently owned by a thread: None

Heap:
 PSYoungGen      total 136192K, used 28262K [0x00000000e0000000, 0x00000000ea900000, 0x0000000100000000)
  eden space 129024K, 16% used [0x00000000e0000000,0x00000000e149a738,0x00000000e7e00000)
  from space 7168K, 99% used [0x00000000e8c00000,0x00000000e92ff2e0,0x00000000e9300000)
  to   space 14336K, 0% used [0x00000000e7e00000,0x00000000e7e00000,0x00000000e8c00000)
 ParOldGen       total 59392K, used 25054K [0x00000000a0000000, 0x00000000a3a00000, 0x00000000e0000000)
  object space 59392K, 42% used [0x00000000a0000000,0x00000000a1877998,0x00000000a3a00000)
 Metaspace       used 42108K, capacity 43168K, committed 43352K, reserved 1087488K
  class space    used 5794K, capacity 6118K, committed 6232K, reserved 1048576K

Card table byte_map: [0x0000000012090000,0x00000000123a0000] byte_map_base: 0x0000000011b90000

Marking Bits: (ParMarkBitMap*) 0x0000000054874970
 Begin Bits: [0x00000000129a0000, 0x00000000141a0000)
 End Bits:   [0x00000000141a0000, 0x00000000159a0000)

Polling page: 0x0000000000c50000

CodeCache: size=245760Kb used=13529Kb max_used=13529Kb free=232230Kb
 bounds [0x0000000002cd0000, 0x0000000003a10000, 0x0000000011cd0000]
 total_blobs=4555 nmethods=3839 adapters=628
 compilation: enabled

Compilation events (10 events):
Event: 11.953 Thread 0x0000000016643800 nmethod 4150 0x0000000003a04d10 code [0x0000000003a04f60, 0x0000000003a06030]
Event: 11.953 Thread 0x0000000016643800 4130       4       java.lang.Class::forName (53 bytes)
Event: 11.954 Thread 0x0000000016643800 nmethod 4130 0x000000000365aa50 code [0x000000000365aba0, 0x000000000365ac28]
Event: 11.954 Thread 0x0000000016643800 4204       4       java.util.Formatter$Conversion::isGeneral (64 bytes)
Event: 11.955 Thread 0x0000000016643800 nmethod 4204 0x0000000003a01450 code [0x0000000003a01780, 0x0000000003a017f8]
Event: 11.965 Thread 0x0000000016643800 4207  s    4       java.lang.Throwable::fillInStackTrace (29 bytes)
Event: 11.966 Thread 0x000000001664b800 4209       3       java.lang.invoke.MemberName::checkForTypeAlias (168 bytes)
Event: 11.967 Thread 0x0000000016643800 nmethod 4207 0x0000000003a01a10 code [0x0000000003a01b60, 0x0000000003a01e88]
Event: 11.969 Thread 0x000000001664b800 nmethod 4209 0x0000000003a077d0 code [0x0000000003a07bc0, 0x0000000003a0a258]
Event: 11.969 Thread 0x000000001664b800 4210       3       java.lang.invoke.MethodHandles$Lookup::checkAccess (250 bytes)

GC Heap History (10 events):
Event: 5.383 GC heap before
{Heap before GC invocations=6 (full 1):
 PSYoungGen      total 71680K, used 5108K [0x00000000e0000000, 0x00000000e9600000, 0x0000000100000000)
  eden space 66560K, 0% used [0x00000000e0000000,0x00000000e0000000,0x00000000e4100000)
  from space 5120K, 99% used [0x00000000e4100000,0x00000000e45fd060,0x00000000e4600000)
  to   space 10240K, 0% used [0x00000000e8c00000,0x00000000e8c00000,0x00000000e9600000)
 ParOldGen       total 87552K, used 8151K [0x00000000a0000000, 0x00000000a5580000, 0x00000000e0000000)
  object space 87552K, 9% used [0x00000000a0000000,0x00000000a07f5ca8,0x00000000a5580000)
 Metaspace       used 20853K, capacity 21232K, committed 21248K, reserved 1067008K
  class space    used 2921K, capacity 3071K, committed 3072K, reserved 1048576K
Event: 5.440 GC heap after
Heap after GC invocations=6 (full 1):
 PSYoungGen      total 71680K, used 0K [0x00000000e0000000, 0x00000000e9600000, 0x0000000100000000)
  eden space 66560K, 0% used [0x00000000e0000000,0x00000000e0000000,0x00000000e4100000)
  from space 5120K, 0% used [0x00000000e4100000,0x00000000e4100000,0x00000000e4600000)
  to   space 10240K, 0% used [0x00000000e8c00000,0x00000000e8c00000,0x00000000e9600000)
 ParOldGen       total 59392K, used 8142K [0x00000000a0000000, 0x00000000a3a00000, 0x00000000e0000000)
  object space 59392K, 13% used [0x00000000a0000000,0x00000000a07f3900,0x00000000a3a00000)
 Metaspace       used 20853K, capacity 21232K, committed 21248K, reserved 1067008K
  class space    used 2921K, capacity 3071K, committed 3072K, reserved 1048576K
}
Event: 7.421 GC heap before
{Heap before GC invocations=7 (full 1):
 PSYoungGen      total 71680K, used 66560K [0x00000000e0000000, 0x00000000e9600000, 0x0000000100000000)
  eden space 66560K, 100% used [0x00000000e0000000,0x00000000e4100000,0x00000000e4100000)
  from space 5120K, 0% used [0x00000000e4100000,0x00000000e4100000,0x00000000e4600000)
  to   space 10240K, 0% used [0x00000000e8c00000,0x00000000e8c00000,0x00000000e9600000)
 ParOldGen       total 59392K, used 8142K [0x00000000a0000000, 0x00000000a3a00000, 0x00000000e0000000)
  object space 59392K, 13% used [0x00000000a0000000,0x00000000a07f3900,0x00000000a3a00000)
 Metaspace       used 26538K, capacity 27048K, committed 27136K, reserved 1073152K
  class space    used 3650K, capacity 3809K, committed 3840K, reserved 1048576K
Event: 7.437 GC heap after
Heap after GC invocations=7 (full 1):
 PSYoungGen      total 112640K, used 6816K [0x00000000e0000000, 0x00000000e9300000, 0x0000000100000000)
  eden space 105472K, 0% used [0x00000000e0000000,0x00000000e0000000,0x00000000e6700000)
  from space 7168K, 95% used [0x00000000e8c00000,0x00000000e92a8118,0x00000000e9300000)
  to   space 9728K, 0% used [0x00000000e8000000,0x00000000e8000000,0x00000000e8980000)
 ParOldGen       total 59392K, used 8150K [0x00000000a0000000, 0x00000000a3a00000, 0x00000000e0000000)
  object space 59392K, 13% used [0x00000000a0000000,0x00000000a07f5900,0x00000000a3a00000)
 Metaspace       used 26538K, capacity 27048K, committed 27136K, reserved 1073152K
  class space    used 3650K, capacity 3809K, committed 3840K, reserved 1048576K
}
Event: 9.796 GC heap before
{Heap before GC invocations=8 (full 1):
 PSYoungGen      total 112640K, used 104419K [0x00000000e0000000, 0x00000000e9300000, 0x0000000100000000)
  eden space 105472K, 92% used [0x00000000e0000000,0x00000000e5f50cd0,0x00000000e6700000)
  from space 7168K, 95% used [0x00000000e8c00000,0x00000000e92a8118,0x00000000e9300000)
  to   space 9728K, 0% used [0x00000000e8000000,0x00000000e8000000,0x00000000e8980000)
 ParOldGen       total 59392K, used 8150K [0x00000000a0000000, 0x00000000a3a00000, 0x00000000e0000000)
  object space 59392K, 13% used [0x00000000a0000000,0x00000000a07f5900,0x00000000a3a00000)
 Metaspace       used 34530K, capacity 35268K, committed 35416K, reserved 1079296K
  class space    used 4837K, capacity 5123K, committed 5208K, reserved 1048576K
Event: 9.824 GC heap after
Heap after GC invocations=8 (full 1):
 PSYoungGen      total 115200K, used 9708K [0x00000000e0000000, 0x00000000e9300000, 0x0000000100000000)
  eden space 105472K, 0% used [0x00000000e0000000,0x00000000e0000000,0x00000000e6700000)
  from space 9728K, 99% used [0x00000000e8000000,0x00000000e897b2a8,0x00000000e8980000)
  to   space 7168K, 0% used [0x00000000e8c00000,0x00000000e8c00000,0x00000000e9300000)
 ParOldGen       total 59392K, used 12685K [0x00000000a0000000, 0x00000000a3a00000, 0x00000000e0000000)
  object space 59392K, 21% used [0x00000000a0000000,0x00000000a0c63700,0x00000000a3a00000)
 Metaspace       used 34530K, capacity 35268K, committed 35416K, reserved 1079296K
  class space    used 4837K, capacity 5123K, committed 5208K, reserved 1048576K
}
Event: 9.824 GC heap before
{Heap before GC invocations=9 (full 2):
 PSYoungGen      total 115200K, used 9708K [0x00000000e0000000, 0x00000000e9300000, 0x0000000100000000)
  eden space 105472K, 0% used [0x00000000e0000000,0x00000000e0000000,0x00000000e6700000)
  from space 9728K, 99% used [0x00000000e8000000,0x00000000e897b2a8,0x00000000e8980000)
  to   space 7168K, 0% used [0x00000000e8c00000,0x00000000e8c00000,0x00000000e9300000)
 ParOldGen       total 59392K, used 12685K [0x00000000a0000000, 0x00000000a3a00000, 0x00000000e0000000)
  object space 59392K, 21% used [0x00000000a0000000,0x00000000a0c63700,0x00000000a3a00000)
 Metaspace       used 34530K, capacity 35268K, committed 35416K, reserved 1079296K
  class space    used 4837K, capacity 5123K, committed 5208K, reserved 1048576K
Event: 9.969 GC heap after
Heap after GC invocations=9 (full 2):
 PSYoungGen      total 115200K, used 0K [0x00000000e0000000, 0x00000000e9300000, 0x0000000100000000)
  eden space 105472K, 0% used [0x00000000e0000000,0x00000000e0000000,0x00000000e6700000)
  from space 9728K, 0% used [0x00000000e8000000,0x00000000e8000000,0x00000000e8980000)
  to   space 7168K, 0% used [0x00000000e8c00000,0x00000000e8c00000,0x00000000e9300000)
 ParOldGen       total 59392K, used 20595K [0x00000000a0000000, 0x00000000a3a00000, 0x00000000e0000000)
  object space 59392K, 34% used [0x00000000a0000000,0x00000000a141ced8,0x00000000a3a00000)
 Metaspace       used 34530K, capacity 35268K, committed 35416K, reserved 1079296K
  class space    used 4837K, capacity 5123K, committed 5208K, reserved 1048576K
}
Event: 11.623 GC heap before
{Heap before GC invocations=10 (full 2):
 PSYoungGen      total 115200K, used 105472K [0x00000000e0000000, 0x00000000e9300000, 0x0000000100000000)
  eden space 105472K, 100% used [0x00000000e0000000,0x00000000e6700000,0x00000000e6700000)
  from space 9728K, 0% used [0x00000000e8000000,0x00000000e8000000,0x00000000e8980000)
  to   space 7168K, 0% used [0x00000000e8c00000,0x00000000e8c00000,0x00000000e9300000)
 ParOldGen       total 59392K, used 20595K [0x00000000a0000000, 0x00000000a3a00000, 0x00000000e0000000)
  object space 59392K, 34% used [0x00000000a0000000,0x00000000a141ced8,0x00000000a3a00000)
 Metaspace       used 41037K, capacity 42106K, committed 42328K, reserved 1085440K
  class space    used 5633K, capacity 5963K, committed 5976K, reserved 1048576K
Event: 11.639 GC heap after
Heap after GC invocations=10 (full 2):
 PSYoungGen      total 136192K, used 7164K [0x00000000e0000000, 0x00000000ea900000, 0x0000000100000000)
  eden space 129024K, 0% used [0x00000000e0000000,0x00000000e0000000,0x00000000e7e00000)
  from space 7168K, 99% used [0x00000000e8c00000,0x00000000e92ff2e0,0x00000000e9300000)
  to   space 14336K, 0% used [0x00000000e7e00000,0x00000000e7e00000,0x00000000e8c00000)
 ParOldGen       total 59392K, used 25054K [0x00000000a0000000, 0x00000000a3a00000, 0x00000000e0000000)
  object space 59392K, 42% used [0x00000000a0000000,0x00000000a1877998,0x00000000a3a00000)
 Metaspace       used 41037K, capacity 42106K, committed 42328K, reserved 1085440K
  class space    used 5633K, capacity 5963K, committed 5976K, reserved 1048576K
}

Deoptimization events (10 events):
Event: 10.856 Thread 0x0000000019679800 Uncommon trap: reason=unstable_if action=reinterpret pc=0x000000000351edbc method=java.util.jar.JarFile.getInputStream(Ljava/util/zip/ZipEntry;)Ljava/io/InputStream; @ 37
Event: 10.860 Thread 0x0000000019679800 Uncommon trap: reason=unstable_if action=reinterpret pc=0x0000000003486d6c method=java.security.CodeSource.getCertificates()[Ljava/security/cert/Certificate; @ 22
Event: 10.894 Thread 0x0000000019679800 Uncommon trap: reason=unstable_if action=reinterpret pc=0x0000000003795eb8 method=java.util.LinkedHashMap.get(Ljava/lang/Object;)Ljava/lang/Object; @ 20
Event: 10.996 Thread 0x0000000019679800 Uncommon trap: reason=range_check action=make_not_entrant pc=0x000000000383e35c method=java.lang.String.charAt(I)C @ 27
Event: 11.655 Thread 0x0000000019679800 Uncommon trap: reason=unstable_if action=reinterpret pc=0x00000000036fe854 method=groovy.lang.MetaClassImpl.checkIfStdMethod(Lgroovy/lang/MetaMethod;)V @ 55
Event: 11.655 Thread 0x0000000019679800 Uncommon trap: reason=unstable_if action=reinterpret pc=0x000000000370efe0 method=groovy.lang.MetaClassImpl.checkIfStdMethod(Lgroovy/lang/MetaMethod;)V @ 55
Event: 11.803 Thread 0x0000000019679800 Uncommon trap: reason=bimorphic action=maybe_recompile pc=0x00000000036dfebc method=org.codehaus.groovy.runtime.metaclass.MetaMethodIndex.addMethodToList(Ljava/lang/Object;Lgroovy/lang/MetaMethod;)Ljava/lang/Object; @ 102
Event: 11.803 Thread 0x0000000019679800 Uncommon trap: reason=bimorphic action=maybe_recompile pc=0x00000000036dfebc method=org.codehaus.groovy.runtime.metaclass.MetaMethodIndex.addMethodToList(Ljava/lang/Object;Lgroovy/lang/MetaMethod;)Ljava/lang/Object; @ 102
Event: 11.803 Thread 0x0000000019679800 Uncommon trap: reason=bimorphic action=maybe_recompile pc=0x00000000036dfebc method=org.codehaus.groovy.runtime.metaclass.MetaMethodIndex.addMethodToList(Ljava/lang/Object;Lgroovy/lang/MetaMethod;)Ljava/lang/Object; @ 102
Event: 11.803 Thread 0x0000000019679800 Uncommon trap: reason=unstable_if action=reinterpret pc=0x000000000340d8b0 method=groovy.lang.MetaClassImpl$1MOPIter.methodNameAction(Ljava/lang/Class;Lorg/codehaus/groovy/runtime/metaclass/MetaMethodIndex$Entry;)V @ 259

Classes redefined (0 events):
No events

Internal exceptions (10 events):
Event: 11.819 Thread 0x0000000019679800 Exception <a 'java/lang/ClassNotFoundException': org/gradle/api/internal/plugins/DefaultPluginContainerBeanInfo> (0x00000000e0c67780) thrown at [D:\src\AOSP-openjdk-cygwin\jdk8u\hotspot\src\share\vm\classfile\systemDictionary.cpp, line 210]
Event: 11.820 Thread 0x0000000019679800 Exception <a 'java/lang/ClassNotFoundException': org/gradle/api/internal/plugins/DefaultPluginCollectionBeanInfo> (0x00000000e0c99430) thrown at [D:\src\AOSP-openjdk-cygwin\jdk8u\hotspot\src\share\vm\classfile\systemDictionary.cpp, line 210]
Event: 11.821 Thread 0x0000000019679800 Exception <a 'java/lang/ClassNotFoundException': org/gradle/api/internal/DefaultDomainObjectSetBeanInfo> (0x00000000e0cc64c8) thrown at [D:\src\AOSP-openjdk-cygwin\jdk8u\hotspot\src\share\vm\classfile\systemDictionary.cpp, line 210]
Event: 11.822 Thread 0x0000000019679800 Exception <a 'java/lang/ClassNotFoundException': org/gradle/api/internal/DefaultDomainObjectSetCustomizer> (0x00000000e0cf4990) thrown at [D:\src\AOSP-openjdk-cygwin\jdk8u\hotspot\src\share\vm\classfile\systemDictionary.cpp, line 210]
Event: 11.824 Thread 0x0000000019679800 Exception <a 'java/lang/ClassNotFoundException': org/gradle/api/internal/plugins/DefaultPluginCollectionCustomizer> (0x00000000e0d3b1f0) thrown at [D:\src\AOSP-openjdk-cygwin\jdk8u\hotspot\src\share\vm\classfile\systemDictionary.cpp, line 210]
Event: 11.825 Thread 0x0000000019679800 Exception <a 'java/lang/ClassNotFoundException': org/gradle/api/internal/plugins/DefaultPluginContainerCustomizer> (0x00000000e0d84a30) thrown at [D:\src\AOSP-openjdk-cygwin\jdk8u\hotspot\src\share\vm\classfile\systemDictionary.cpp, line 210]
Event: 11.964 Thread 0x0000000019679800 Exception <a 'sun/nio/fs/WindowsException'> (0x00000000e13c4678) thrown at [D:\src\AOSP-openjdk-cygwin\jdk8u\hotspot\src\share\vm\prims\jni.cpp, line 709]
Event: 11.964 Thread 0x0000000019679800 Exception <a 'sun/nio/fs/WindowsException'> (0x00000000e13c5180) thrown at [D:\src\AOSP-openjdk-cygwin\jdk8u\hotspot\src\share\vm\prims\jni.cpp, line 709]
Event: 11.965 Thread 0x0000000019679800 Exception <a 'sun/nio/fs/WindowsException'> (0x00000000e13c6db8) thrown at [D:\src\AOSP-openjdk-cygwin\jdk8u\hotspot\src\share\vm\prims\jni.cpp, line 709]
Event: 11.965 Thread 0x0000000019679800 Exception <a 'sun/nio/fs/WindowsException'> (0x00000000e13c78f8) thrown at [D:\src\AOSP-openjdk-cygwin\jdk8u\hotspot\src\share\vm\prims\jni.cpp, line 709]

Events (10 events):
Event: 11.969 loading class java/util/stream/Node$OfPrimitive done
Event: 11.969 loading class java/util/stream/Node$OfInt done
Event: 11.969 loading class java/util/stream/Nodes$EmptyNode$OfInt done
Event: 11.969 loading class java/util/stream/Nodes$EmptyNode$OfLong
Event: 11.969 loading class java/util/stream/Node$OfLong
Event: 11.969 loading class java/util/stream/Node$OfLong done
Event: 11.970 loading class java/util/stream/Nodes$EmptyNode$OfLong done
Event: 11.970 loading class java/util/stream/Nodes$EmptyNode$OfDouble
Event: 11.970 loading class java/util/stream/Node$OfDouble
Event: 11.970 loading class java/util/stream/Node$OfDouble done


Dynamic libraries:
0x00007ff63ab10000 - 0x00007ff63ab41000 	C:\Program Files\Android\Android Studio\jre\bin\java.exe
0x00007ff8aa870000 - 0x00007ff8aaa51000 	C:\WINDOWS\SYSTEM32\ntdll.dll
0x00007ff8aa520000 - 0x00007ff8aa5d2000 	C:\WINDOWS\System32\KERNEL32.DLL
0x00007ff8a77e0000 - 0x00007ff8a7a53000 	C:\WINDOWS\System32\KERNELBASE.dll
0x00007ff8a8130000 - 0x00007ff8a81d1000 	C:\WINDOWS\System32\ADVAPI32.dll
0x00007ff8a7f30000 - 0x00007ff8a7fce000 	C:\WINDOWS\System32\msvcrt.dll
0x00007ff8aa710000 - 0x00007ff8aa76b000 	C:\WINDOWS\System32\sechost.dll
0x00007ff8a9f90000 - 0x00007ff8aa0b4000 	C:\WINDOWS\System32\RPCRT4.dll
0x00007ff8a7da0000 - 0x00007ff8a7f30000 	C:\WINDOWS\System32\USER32.dll
0x00007ff8a77c0000 - 0x00007ff8a77e0000 	C:\WINDOWS\System32\win32u.dll
0x00007ff8aa770000 - 0x00007ff8aa798000 	C:\WINDOWS\System32\GDI32.dll
0x00007ff8a6c40000 - 0x00007ff8a6dd2000 	C:\WINDOWS\System32\gdi32full.dll
0x00007ff8a7bb0000 - 0x00007ff8a7c4f000 	C:\WINDOWS\System32\msvcp_win.dll
0x00007ff8a7ab0000 - 0x00007ff8a7baa000 	C:\WINDOWS\System32\ucrtbase.dll
0x00007ff890ac0000 - 0x00007ff890d29000 	C:\WINDOWS\WinSxS\amd64_microsoft.windows.common-controls_6595b64144ccf1df_6.0.17134.407_none_fb449d63306391e9\COMCTL32.dll
0x00007ff8aa140000 - 0x00007ff8aa462000 	C:\WINDOWS\System32\combase.dll
0x00007ff8a6de0000 - 0x00007ff8a6e5a000 	C:\WINDOWS\System32\bcryptPrimitives.dll
0x00007ff8a8240000 - 0x00007ff8a826d000 	C:\WINDOWS\System32\IMM32.DLL
0x0000000053ef0000 - 0x0000000053fc2000 	C:\Program Files\Android\Android Studio\jre\jre\bin\msvcr100.dll
0x00000000540b0000 - 0x00000000548ef000 	C:\Program Files\Android\Android Studio\jre\jre\bin\server\jvm.dll
0x00007ff8a8500000 - 0x00007ff8a8508000 	C:\WINDOWS\System32\PSAPI.DLL
0x00007ff8a44e0000 - 0x00007ff8a4503000 	C:\WINDOWS\SYSTEM32\WINMM.dll
0x00007ff88f9d0000 - 0x00007ff88f9d9000 	C:\WINDOWS\SYSTEM32\WSOCK32.dll
0x00007ff8a48b0000 - 0x00007ff8a48ba000 	C:\WINDOWS\SYSTEM32\VERSION.dll
0x00007ff8aa0c0000 - 0x00007ff8aa12c000 	C:\WINDOWS\System32\WS2_32.dll
0x00007ff8a4090000 - 0x00007ff8a40ba000 	C:\WINDOWS\SYSTEM32\WINMMBASE.dll
0x00007ff8a7a60000 - 0x00007ff8a7aa9000 	C:\WINDOWS\System32\cfgmgr32.dll
0x00007ff88f530000 - 0x00007ff88f53f000 	C:\Program Files\Android\Android Studio\jre\jre\bin\verify.dll
0x00007ff88e470000 - 0x00007ff88e499000 	C:\Program Files\Android\Android Studio\jre\jre\bin\java.dll
0x00007ff88ec30000 - 0x00007ff88ec46000 	C:\Program Files\Android\Android Studio\jre\jre\bin\zip.dll
0x00007ff8a8520000 - 0x00007ff8a995f000 	C:\WINDOWS\System32\SHELL32.dll
0x00007ff8aa470000 - 0x00007ff8aa519000 	C:\WINDOWS\System32\shcore.dll
0x00007ff8a70b0000 - 0x00007ff8a77bd000 	C:\WINDOWS\System32\windows.storage.dll
0x00007ff8aa6b0000 - 0x00007ff8aa701000 	C:\WINDOWS\System32\shlwapi.dll
0x00007ff8a6c00000 - 0x00007ff8a6c11000 	C:\WINDOWS\System32\kernel.appcore.dll
0x00007ff8a6b80000 - 0x00007ff8a6b9f000 	C:\WINDOWS\System32\profapi.dll
0x00007ff8a6bb0000 - 0x00007ff8a6bfc000 	C:\WINDOWS\System32\powrprof.dll
0x00007ff8a6ba0000 - 0x00007ff8a6baa000 	C:\WINDOWS\System32\FLTLIB.DLL
0x00007ff899cd0000 - 0x00007ff899cea000 	C:\Program Files\Android\Android Studio\jre\jre\bin\net.dll
0x00007ff8a63a0000 - 0x00007ff8a6406000 	C:\WINDOWS\system32\mswsock.dll
0x00007ff899cb0000 - 0x00007ff899cc1000 	C:\Program Files\Android\Android Studio\jre\jre\bin\nio.dll
0x00007ff8a2460000 - 0x00007ff8a247e000 	C:\Users\nisch100\.gradle\native\25\windows-amd64\native-platform.dll
0x00007ff899c90000 - 0x00007ff899c9d000 	C:\Program Files\Android\Android Studio\jre\jre\bin\management.dll
0x00007ff8a6550000 - 0x00007ff8a6567000 	C:\WINDOWS\SYSTEM32\CRYPTSP.dll
0x00007ff8a5f80000 - 0x00007ff8a5fb3000 	C:\WINDOWS\system32\rsaenh.dll
0x00007ff8a66e0000 - 0x00007ff8a6705000 	C:\WINDOWS\SYSTEM32\bcrypt.dll
0x00007ff8a6ab0000 - 0x00007ff8a6ad8000 	C:\WINDOWS\SYSTEM32\USERENV.dll
0x00007ff8a6570000 - 0x00007ff8a657b000 	C:\WINDOWS\SYSTEM32\CRYPTBASE.dll
0x00007ff8a6120000 - 0x00007ff8a6158000 	C:\WINDOWS\SYSTEM32\IPHLPAPI.DLL
0x00007ff8aa130000 - 0x00007ff8aa138000 	C:\WINDOWS\System32\NSI.dll
0x00007ff89c770000 - 0x00007ff89c786000 	C:\WINDOWS\SYSTEM32\dhcpcsvc6.DLL
0x00007ff89c620000 - 0x00007ff89c63a000 	C:\WINDOWS\SYSTEM32\dhcpcsvc.DLL

VM Arguments:
jvm_args: -Xmx1536m -Dfile.encoding=windows-1252 -Duser.country=US -Duser.language=en -Duser.variant 
java_command: org.gradle.launcher.daemon.bootstrap.GradleDaemon 4.4
java_class_path (initial): C:\Users\nisch100\.gradle\wrapper\dists\gradle-4.4-all\9br9xq1tocpiv8o6njlyu5op1\gradle-4.4\lib\gradle-launcher-4.4.jar
Launcher Type: SUN_STANDARD

Environment Variables:
PATH=C:\Program Files (x86)\Common Files\Oracle\Java\javapath;C:\ProgramData\Oracle\Java\javapath;C:\Program Files (x86)\Common Files\Intel\Shared Libraries\redist\ia32\mpirt;C:\Program Files (x86)\Common Files\Intel\Shared Libraries\redist\ia32\compiler;C:\Program Files (x86)\Lenovo\FusionEngine;C:\Program Files (x86)\Intel\iCLS Client\;C:\Program Files\Intel\iCLS Client\;C:\WINDOWS\system32;C:\WINDOWS;C:\WINDOWS\System32\Wbem;C:\WINDOWS\System32\WindowsPowerShell\v1.0\;C:\Program Files\Intel\Intel(R) Management Engine Components\DAL;C:\Program Files\Intel\Intel(R) Management Engine Components\IPT;C:\Program Files (x86)\Intel\Intel(R) Management Engine Components\DAL;C:\Program Files (x86)\Intel\Intel(R) Management Engine Components\IPT;C:\Program Files\Intel\WiFi\bin\;C:\Program Files\Common Files\Intel\WirelessCommon\;C:\Program Files (x86)\Lenovo\Motion Control\;C:\Program Files (x86)\Common Files\lenovo\easyplussdk\bin;C:\Program Files (x86)\GtkSharp\2.12\bin;C:\Program Files (x86)\Skype\Phone\;C:\Program Files\nodejs\;C:\RailsInstaller\Git\cmd;C:\WINDOWS\System32\OpenSSH\;C:\Users\nisch100\AppData\Local\Programs\Python\Python36\Scripts\;C:\Users\nisch100\AppData\Local\Programs\Python\Python36\;C:\RailsInstaller\Git\cmd;C:\RailsInstaller\Ruby2.3.0\bin;C:\Users\nisch100\Anaconda3;C:\Users\nisch100\Anaconda3\Scripts;C:\Users\nisch100\Anaconda3\Library\bin;C:\Ruby22\bin;C:\Ruby23\bin;C:\Users\nisch100\AppData\Local\Programs\Python\Python35-32\Scripts\;C:\Users\nisch100\AppData\Local\Programs\Python\Python35-32\;C:\Program Files\Heroku\bin;C:\Users\nisch100\AppData\Local\atom\bin;C:\Users\nisch100\AppData\Local\Microsoft\WindowsApps;;C:\Program Files\Microsoft VS Code\bin;C:\Users\nisch100\AppData\Roaming\npm
USERNAME=nisch100
OS=Windows_NT
PROCESSOR_IDENTIFIER=Intel64 Family 6 Model 69 Stepping 1, GenuineIntel



---------------  S Y S T E M  ---------------

OS: Windows 10.0 , 64 bit Build 17134 (10.0.17134.1)

CPU:total 4 (initial active 4) (2 cores per cpu, 2 threads per core) family 6 model 69 stepping 1, cmov, cx8, fxsr, mmx, sse, sse2, sse3, ssse3, sse4.1, sse4.2, popcnt, avx, avx2, aes, clmul, erms, lzcnt, ht, tsc, tscinvbit, bmi1, bmi2

Memory: 4k page, physical 8307672k(1645384k free), swap 10263512k(4248k free)

vm_info: OpenJDK 64-Bit Server VM (25.152-b02) for windows-amd64 JRE (1.8.0_152-release-1024-b02), built by "builder" with MS VC++ 10.0 (VS2010)

time: Thu Nov 29 17:48:48 2018
elapsed time: 11 seconds (0d 0h 0m 11s)

