#
# There is insufficient memory for the Java Runtime Environment to continue.
# Native memory allocation (malloc) failed to allocate 2230416 bytes for Chunk::new
# Possible reasons:
#   The system is out of physical RAM or swap space
#   In 32 bit mode, the process size limit was hit
# Possible solutions:
#   Reduce memory load on the system
#   Increase physical memory or swap space
#   Check if swap backing store is full
#   Use 64 bit Java on a 64 bit OS
#   Decrease Java heap size (-Xmx/-Xms)
#   Decrease number of Java threads
#   Decrease Java thread stack sizes (-Xss)
#   Set larger code cache with -XX:ReservedCodeCacheSize=
# This output file may be truncated or incomplete.
#
#  Out of Memory Error (allocation.cpp:390), pid=13452, tid=0x0000000000002bb0
#
# JRE version: OpenJDK Runtime Environment (8.0_152-b02) (build 1.8.0_152-release-1024-b02)
# Java VM: OpenJDK 64-Bit Server VM (25.152-b02 mixed mode windows-amd64 compressed oops)
# Failed to write core dump. Minidumps are not enabled by default on client versions of Windows
#

---------------  T H R E A D  ---------------

Current thread (0x00000000162d2800):  JavaThread "C2 CompilerThread1" daemon [_thread_in_native, id=11184, stack(0x0000000017a20000,0x0000000017b20000)]

Stack: [0x0000000017a20000,0x0000000017b20000]
[error occurred during error reporting (printing stack bounds), id 0xc0000005]

Native frames: (J=compiled Java code, j=interpreted, Vv=VM code, C=native code)


Current CompileTask:
C2:  10527 3722       4       org.gradle.model.internal.type.ModelType::wrap (219 bytes)


---------------  P R O C E S S  ---------------

Java Threads: ( => current thread )
  0x000000001c778000 JavaThread "Memory manager" [_thread_blocked, id=8272, stack(0x0000000021590000,0x0000000021690000)]
  0x000000001c776000 JavaThread "build operations Thread 4" [_thread_blocked, id=14932, stack(0x0000000021090000,0x0000000021190000)]
  0x000000001c5b1800 JavaThread "build operations Thread 3" [_thread_blocked, id=5468, stack(0x0000000020f90000,0x0000000021090000)]
  0x000000001c5b1000 JavaThread "build operations Thread 2" [_thread_blocked, id=14648, stack(0x0000000020e90000,0x0000000020f90000)]
  0x000000001c5ae800 JavaThread "build operations" [_thread_blocked, id=1332, stack(0x0000000020d90000,0x0000000020e90000)]
  0x000000001c5af800 JavaThread "Cache worker for Artifact transforms cache (C:\Users\nisch100\.gradle\caches\transforms-1)" [_thread_blocked, id=3592, stack(0x000000001e450000,0x000000001e550000)]
  0x000000001aed9800 JavaThread "Cache worker for file hash cache (C:\Users\nisch100\AndroidStudioProjects\CallABus\.gradle\4.4\fileHashes)" [_thread_blocked, id=9940, stack(0x000000001be40000,0x000000001bf40000)]
  0x000000001963d000 JavaThread "File lock request listener" [_thread_in_native, id=3520, stack(0x000000001ad70000,0x000000001ae70000)]
  0x00000000195f4800 JavaThread "Cache worker for file hash cache (C:\Users\nisch100\.gradle\caches\4.4\fileHashes)" [_thread_blocked, id=11780, stack(0x000000001ac70000,0x000000001ad70000)]
  0x000000001928b800 JavaThread "Stdin handler" [_thread_blocked, id=14852, stack(0x000000001a970000,0x000000001aa70000)]
  0x000000001928a800 JavaThread "Asynchronous log dispatcher for DefaultDaemonConnection: socket connection from /127.0.0.1:52571 to /127.0.0.1:52572" [_thread_blocked, id=2856, stack(0x000000001a870000,0x000000001a970000)]
  0x000000001929e800 JavaThread "Daemon worker" [_thread_in_Java, id=17268, stack(0x000000001a770000,0x000000001a870000)]
  0x000000001929a800 JavaThread "Cancel handler" [_thread_blocked, id=12004, stack(0x000000001a670000,0x000000001a770000)]
  0x0000000019263800 JavaThread "Handler for socket connection from /127.0.0.1:52571 to /127.0.0.1:52572" [_thread_in_native, id=13204, stack(0x000000001a370000,0x000000001a470000)]
  0x00000000191fc800 JavaThread "Daemon" [_thread_blocked, id=1644, stack(0x000000001a270000,0x000000001a370000)]
  0x00000000191e7000 JavaThread "Daemon periodic checks" [_thread_blocked, id=15188, stack(0x000000001a170000,0x000000001a270000)]
  0x00000000191d2800 JavaThread "Incoming local TCP Connector on port 52571" [_thread_in_native, id=10864, stack(0x0000000019f30000,0x000000001a030000)]
  0x000000001632e000 JavaThread "Service Thread" daemon [_thread_blocked, id=12536, stack(0x0000000018020000,0x0000000018120000)]
  0x00000000162e4000 JavaThread "C1 CompilerThread2" daemon [_thread_in_native, id=14520, stack(0x0000000017b20000,0x0000000017c20000)]
=>0x00000000162d2800 JavaThread "C2 CompilerThread1" daemon [_thread_in_native, id=11184, stack(0x0000000017a20000,0x0000000017b20000)]
  0x00000000162cc000 JavaThread "C2 CompilerThread0" daemon [_thread_in_native, id=11960, stack(0x0000000017920000,0x0000000017a20000)]
  0x00000000162cb000 JavaThread "Attach Listener" daemon [_thread_blocked, id=14356, stack(0x0000000017820000,0x0000000017920000)]
  0x00000000162c9800 JavaThread "Signal Dispatcher" daemon [_thread_blocked, id=14836, stack(0x0000000017720000,0x0000000017820000)]
  0x00000000162be000 JavaThread "Finalizer" daemon [_thread_blocked, id=14412, stack(0x0000000017530000,0x0000000017630000)]
  0x0000000002952000 JavaThread "Reference Handler" daemon [_thread_blocked, id=10672, stack(0x0000000017430000,0x0000000017530000)]
  0x0000000002862800 JavaThread "main" [_thread_blocked, id=2868, stack(0x0000000002760000,0x0000000002860000)]

Other Threads:
  0x0000000016296800 VMThread [stack: 0x0000000017330000,0x0000000017430000] [id=15088]
  0x0000000017c4b800 WatcherThread [stack: 0x0000000018120000,0x0000000018220000] [id=4016]

VM state:not at safepoint (normal execution)

VM Mutex/Monitor currently owned by a thread: None

Heap:
 PSYoungGen      total 119808K, used 79496K [0x00000000e0000000, 0x00000000e9300000, 0x0000000100000000)
  eden space 110080K, 72% used [0x00000000e0000000,0x00000000e4da2020,0x00000000e6b80000)
  from space 9728K, 0% used [0x00000000e8000000,0x00000000e8000000,0x00000000e8980000)
  to   space 7168K, 0% used [0x00000000e8c00000,0x00000000e8c00000,0x00000000e9300000)
 ParOldGen       total 56320K, used 20591K [0x00000000a0000000, 0x00000000a3700000, 0x00000000e0000000)
  object space 56320K, 36% used [0x00000000a0000000,0x00000000a141be88,0x00000000a3700000)
 Metaspace       used 39380K, capacity 40150K, committed 40536K, reserved 1083392K
  class space    used 5399K, capacity 5660K, committed 5720K, reserved 1048576K

Card table byte_map: [0x0000000011d20000,0x0000000012030000] byte_map_base: 0x0000000011820000

Marking Bits: (ParMarkBitMap*) 0x0000000054874970
 Begin Bits: [0x0000000012630000, 0x0000000013e30000)
 End Bits:   [0x0000000013e30000, 0x0000000015630000)

Polling page: 0x0000000002600000

CodeCache: size=245760Kb used=12255Kb max_used=12255Kb free=233505Kb
 bounds [0x0000000002960000, 0x0000000003570000, 0x0000000011960000]
 total_blobs=4303 nmethods=3593 adapters=622
 compilation: enabled

Compilation events (10 events):
Event: 10.469 Thread 0x00000000162e4000 3949       2       java.lang.Class::createAnnotationData (192 bytes)
Event: 10.470 Thread 0x00000000162e4000 nmethod 3949 0x000000000355d710 code [0x000000000355d9a0, 0x000000000355e118]
Event: 10.477 Thread 0x00000000162e4000 3950       2       sun.reflect.AccessorGenerator::add (5 bytes)
Event: 10.478 Thread 0x00000000162e4000 nmethod 3950 0x000000000355eb50 code [0x000000000355eca0, 0x000000000355edd0]
Event: 10.492 Thread 0x00000000162e4000 3951       1       org.gradle.api.internal.AbstractClassGenerator$ClassMetaData::access$100 (5 bytes)
Event: 10.492 Thread 0x00000000162e4000 nmethod 3951 0x000000000355ee50 code [0x000000000355efa0, 0x000000000355f090]
Event: 10.493 Thread 0x00000000162e4000 3952       1       org.objectweb.asm.MethodWriter::visitEnd (1 bytes)
Event: 10.493 Thread 0x00000000162e4000 nmethod 3952 0x000000000355f110 code [0x000000000355f260, 0x000000000355f370]
Event: 10.517 Thread 0x00000000162e4000 3953       2       java.util.Collections$EmptySet::iterator (4 bytes)
Event: 10.517 Thread 0x00000000162e4000 nmethod 3953 0x000000000355f3d0 code [0x000000000355f520, 0x000000000355f670]

GC Heap History (10 events):
Event: 5.349 GC heap before
{Heap before GC invocations=5 (full 0):
 PSYoungGen      total 71680K, used 19524K [0x00000000e0000000, 0x00000000e4b00000, 0x0000000100000000)
  eden space 66560K, 21% used [0x00000000e0000000,0x00000000e0e15130,0x00000000e4100000)
  from space 5120K, 99% used [0x00000000e4600000,0x00000000e4afc010,0x00000000e4b00000)
  to   space 5120K, 0% used [0x00000000e4100000,0x00000000e4100000,0x00000000e4600000)
 ParOldGen       total 87552K, used 5434K [0x00000000a0000000, 0x00000000a5580000, 0x00000000e0000000)
  object space 87552K, 6% used [0x00000000a0000000,0x00000000a054e8d8,0x00000000a5580000)
 Metaspace       used 20862K, capacity 21232K, committed 21248K, reserved 1067008K
  class space    used 2923K, capacity 3071K, committed 3072K, reserved 1048576K
Event: 5.364 GC heap after
Heap after GC invocations=5 (full 0):
 PSYoungGen      total 71680K, used 5088K [0x00000000e0000000, 0x00000000e9600000, 0x0000000100000000)
  eden space 66560K, 0% used [0x00000000e0000000,0x00000000e0000000,0x00000000e4100000)
  from space 5120K, 99% used [0x00000000e4100000,0x00000000e45f8050,0x00000000e4600000)
  to   space 10240K, 0% used [0x00000000e8c00000,0x00000000e8c00000,0x00000000e9600000)
 ParOldGen       total 87552K, used 8141K [0x00000000a0000000, 0x00000000a5580000, 0x00000000e0000000)
  object space 87552K, 9% used [0x00000000a0000000,0x00000000a07f37f8,0x00000000a5580000)
 Metaspace       used 20862K, capacity 21232K, committed 21248K, reserved 1067008K
  class space    used 2923K, capacity 3071K, committed 3072K, reserved 1048576K
}
Event: 5.364 GC heap before
{Heap before GC invocations=6 (full 1):
 PSYoungGen      total 71680K, used 5088K [0x00000000e0000000, 0x00000000e9600000, 0x0000000100000000)
  eden space 66560K, 0% used [0x00000000e0000000,0x00000000e0000000,0x00000000e4100000)
  from space 5120K, 99% used [0x00000000e4100000,0x00000000e45f8050,0x00000000e4600000)
  to   space 10240K, 0% used [0x00000000e8c00000,0x00000000e8c00000,0x00000000e9600000)
 ParOldGen       total 87552K, used 8141K [0x00000000a0000000, 0x00000000a5580000, 0x00000000e0000000)
  object space 87552K, 9% used [0x00000000a0000000,0x00000000a07f37f8,0x00000000a5580000)
 Metaspace       used 20862K, capacity 21232K, committed 21248K, reserved 1067008K
  class space    used 2923K, capacity 3071K, committed 3072K, reserved 1048576K
Event: 5.424 GC heap after
Heap after GC invocations=6 (full 1):
 PSYoungGen      total 71680K, used 0K [0x00000000e0000000, 0x00000000e9600000, 0x0000000100000000)
  eden space 66560K, 0% used [0x00000000e0000000,0x00000000e0000000,0x00000000e4100000)
  from space 5120K, 0% used [0x00000000e4100000,0x00000000e4100000,0x00000000e4600000)
  to   space 10240K, 0% used [0x00000000e8c00000,0x00000000e8c00000,0x00000000e9600000)
 ParOldGen       total 56320K, used 8145K [0x00000000a0000000, 0x00000000a3700000, 0x00000000e0000000)
  object space 56320K, 14% used [0x00000000a0000000,0x00000000a07f4428,0x00000000a3700000)
 Metaspace       used 20862K, capacity 21232K, committed 21248K, reserved 1067008K
  class space    used 2923K, capacity 3071K, committed 3072K, reserved 1048576K
}
Event: 6.866 GC heap before
{Heap before GC invocations=7 (full 1):
 PSYoungGen      total 71680K, used 66560K [0x00000000e0000000, 0x00000000e9600000, 0x0000000100000000)
  eden space 66560K, 100% used [0x00000000e0000000,0x00000000e4100000,0x00000000e4100000)
  from space 5120K, 0% used [0x00000000e4100000,0x00000000e4100000,0x00000000e4600000)
  to   space 10240K, 0% used [0x00000000e8c00000,0x00000000e8c00000,0x00000000e9600000)
 ParOldGen       total 56320K, used 8145K [0x00000000a0000000, 0x00000000a3700000, 0x00000000e0000000)
  object space 56320K, 14% used [0x00000000a0000000,0x00000000a07f4428,0x00000000a3700000)
 Metaspace       used 26533K, capacity 27112K, committed 27392K, reserved 1073152K
  class space    used 3649K, capacity 3809K, committed 3840K, reserved 1048576K
Event: 6.876 GC heap after
Heap after GC invocations=7 (full 1):
 PSYoungGen      total 117248K, used 6794K [0x00000000e0000000, 0x00000000e9300000, 0x0000000100000000)
  eden space 110080K, 0% used [0x00000000e0000000,0x00000000e0000000,0x00000000e6b80000)
  from space 7168K, 94% used [0x00000000e8c00000,0x00000000e92a2b10,0x00000000e9300000)
  to   space 9728K, 0% used [0x00000000e8000000,0x00000000e8000000,0x00000000e8980000)
 ParOldGen       total 56320K, used 8153K [0x00000000a0000000, 0x00000000a3700000, 0x00000000e0000000)
  object space 56320K, 14% used [0x00000000a0000000,0x00000000a07f6428,0x00000000a3700000)
 Metaspace       used 26533K, capacity 27112K, committed 27392K, reserved 1073152K
  class space    used 3649K, capacity 3809K, committed 3840K, reserved 1048576K
}
Event: 9.065 GC heap before
{Heap before GC invocations=8 (full 1):
 PSYoungGen      total 117248K, used 107135K [0x00000000e0000000, 0x00000000e9300000, 0x0000000100000000)
  eden space 110080K, 91% used [0x00000000e0000000,0x00000000e61fd448,0x00000000e6b80000)
  from space 7168K, 94% used [0x00000000e8c00000,0x00000000e92a2b10,0x00000000e9300000)
  to   space 9728K, 0% used [0x00000000e8000000,0x00000000e8000000,0x00000000e8980000)
 ParOldGen       total 56320K, used 8153K [0x00000000a0000000, 0x00000000a3700000, 0x00000000e0000000)
  object space 56320K, 14% used [0x00000000a0000000,0x00000000a07f6428,0x00000000a3700000)
 Metaspace       used 34515K, capacity 35268K, committed 35416K, reserved 1079296K
  class space    used 4839K, capacity 5123K, committed 5208K, reserved 1048576K
Event: 9.093 GC heap after
Heap after GC invocations=8 (full 1):
 PSYoungGen      total 119808K, used 9724K [0x00000000e0000000, 0x00000000e9300000, 0x0000000100000000)
  eden space 110080K, 0% used [0x00000000e0000000,0x00000000e0000000,0x00000000e6b80000)
  from space 9728K, 99% used [0x00000000e8000000,0x00000000e897f298,0x00000000e8980000)
  to   space 7168K, 0% used [0x00000000e8c00000,0x00000000e8c00000,0x00000000e9300000)
 ParOldGen       total 56320K, used 12652K [0x00000000a0000000, 0x00000000a3700000, 0x00000000e0000000)
  object space 56320K, 22% used [0x00000000a0000000,0x00000000a0c5b070,0x00000000a3700000)
 Metaspace       used 34515K, capacity 35268K, committed 35416K, reserved 1079296K
  class space    used 4839K, capacity 5123K, committed 5208K, reserved 1048576K
}
Event: 9.094 GC heap before
{Heap before GC invocations=9 (full 2):
 PSYoungGen      total 119808K, used 9724K [0x00000000e0000000, 0x00000000e9300000, 0x0000000100000000)
  eden space 110080K, 0% used [0x00000000e0000000,0x00000000e0000000,0x00000000e6b80000)
  from space 9728K, 99% used [0x00000000e8000000,0x00000000e897f298,0x00000000e8980000)
  to   space 7168K, 0% used [0x00000000e8c00000,0x00000000e8c00000,0x00000000e9300000)
 ParOldGen       total 56320K, used 12652K [0x00000000a0000000, 0x00000000a3700000, 0x00000000e0000000)
  object space 56320K, 22% used [0x00000000a0000000,0x00000000a0c5b070,0x00000000a3700000)
 Metaspace       used 34515K, capacity 35268K, committed 35416K, reserved 1079296K
  class space    used 4839K, capacity 5123K, committed 5208K, reserved 1048576K
Event: 9.241 GC heap after
Heap after GC invocations=9 (full 2):
 PSYoungGen      total 119808K, used 0K [0x00000000e0000000, 0x00000000e9300000, 0x0000000100000000)
  eden space 110080K, 0% used [0x00000000e0000000,0x00000000e0000000,0x00000000e6b80000)
  from space 9728K, 0% used [0x00000000e8000000,0x00000000e8000000,0x00000000e8980000)
  to   space 7168K, 0% used [0x00000000e8c00000,0x00000000e8c00000,0x00000000e9300000)
 ParOldGen       total 56320K, used 20591K [0x00000000a0000000, 0x00000000a3700000, 0x00000000e0000000)
  object space 56320K, 36% used [0x00000000a0000000,0x00000000a141be88,0x00000000a3700000)
 Metaspace       used 34515K, capacity 35268K, committed 35416K, reserved 1079296K
  class space    used 4839K, capacity 5123K, committed 5208K, reserved 1048576K
}

Deoptimization events (10 events):
Event: 9.480 Thread 0x000000001929e800 Uncommon trap: reason=unstable_if action=reinterpret pc=0x000000000321c374 method=java.util.concurrent.ConcurrentHashMap.get(Ljava/lang/Object;)Ljava/lang/Object; @ 76
Event: 9.695 Thread 0x000000001929e800 Uncommon trap: reason=unstable_if action=reinterpret pc=0x00000000032eb0b8 method=java.util.HashMap.putVal(ILjava/lang/Object;Ljava/lang/Object;ZZ)Ljava/lang/Object; @ 162
Event: 9.695 Thread 0x000000001929e800 Uncommon trap: reason=unstable_if action=reinterpret pc=0x00000000032d7f9c method=java.util.HashMap.putVal(ILjava/lang/Object;Ljava/lang/Object;ZZ)Ljava/lang/Object; @ 162
Event: 9.695 Thread 0x000000001929e800 Uncommon trap: reason=unstable_if action=reinterpret pc=0x0000000002c01880 method=java.util.HashMap.resize()[Ljava/util/HashMap$Node; @ 206
Event: 9.811 Thread 0x000000001929e800 Uncommon trap: reason=unstable_if action=reinterpret pc=0x000000000345fb74 method=java.lang.reflect.Modifier.toString(I)Ljava/lang/String; @ 123
Event: 10.069 Thread 0x000000001929e800 Uncommon trap: reason=unstable_if action=reinterpret pc=0x0000000002ddadfc method=java.lang.CharacterDataLatin1.isWhitespace(I)Z @ 14
Event: 10.163 Thread 0x000000001929e800 Uncommon trap: reason=unstable_if action=reinterpret pc=0x000000000339256c method=java.security.CodeSource.getCertificates()[Ljava/security/cert/Certificate; @ 22
Event: 10.165 Thread 0x000000001929e800 Uncommon trap: reason=unstable_if action=reinterpret pc=0x00000000033a3e88 method=java.security.CodeSource.matchCerts(Ljava/security/CodeSource;Z)Z @ 11
Event: 10.202 Thread 0x000000001929e800 Uncommon trap: reason=unstable_if action=reinterpret pc=0x00000000034dc7f8 method=java.util.LinkedHashMap.get(Ljava/lang/Object;)Ljava/lang/Object; @ 20
Event: 10.379 Thread 0x000000001929e800 Uncommon trap: reason=range_check action=make_not_entrant pc=0x00000000034e630c method=java.lang.String.charAt(I)C @ 27

Classes redefined (0 events):
No events

Internal exceptions (10 events):
Event: 8.552 Thread 0x000000001929e800 Exception <a 'java/lang/ClassNotFoundException': org/gradle/api/internal/ConventionTaskBeanInfo> (0x00000000e4c14450) thrown at [D:\src\AOSP-openjdk-cygwin\jdk8u\hotspot\src\share\vm\classfile\systemDictionary.cpp, line 210]
Event: 8.553 Thread 0x000000001929e800 Exception <a 'java/lang/ClassNotFoundException': org/gradle/api/DefaultTaskBeanInfo> (0x00000000e4c37148) thrown at [D:\src\AOSP-openjdk-cygwin\jdk8u\hotspot\src\share\vm\classfile\systemDictionary.cpp, line 210]
Event: 8.554 Thread 0x000000001929e800 Exception <a 'java/lang/ClassNotFoundException': org/gradle/api/internal/AbstractTaskBeanInfo> (0x00000000e4c60498) thrown at [D:\src\AOSP-openjdk-cygwin\jdk8u\hotspot\src\share\vm\classfile\systemDictionary.cpp, line 210]
Event: 8.555 Thread 0x000000001929e800 Exception <a 'java/lang/ClassNotFoundException': org/gradle/api/internal/AbstractTaskCustomizer> (0x00000000e4c8a370) thrown at [D:\src\AOSP-openjdk-cygwin\jdk8u\hotspot\src\share\vm\classfile\systemDictionary.cpp, line 210]
Event: 8.558 Thread 0x000000001929e800 Exception <a 'java/lang/ClassNotFoundException': org/gradle/api/DefaultTaskCustomizer> (0x00000000e4d12120) thrown at [D:\src\AOSP-openjdk-cygwin\jdk8u\hotspot\src\share\vm\classfile\systemDictionary.cpp, line 210]
Event: 8.560 Thread 0x000000001929e800 Exception <a 'java/lang/ClassNotFoundException': org/gradle/api/internal/ConventionTaskCustomizer> (0x00000000e4d4ba38) thrown at [D:\src\AOSP-openjdk-cygwin\jdk8u\hotspot\src\share\vm\classfile\systemDictionary.cpp, line 210]
Event: 8.563 Thread 0x000000001929e800 Exception <a 'java/lang/ClassNotFoundException': org/gradle/api/tasks/DeleteCustomizer> (0x00000000e4d832a0) thrown at [D:\src\AOSP-openjdk-cygwin\jdk8u\hotspot\src\share\vm\classfile\systemDictionary.cpp, line 210]
Event: 8.565 Thread 0x000000001929e800 Exception <a 'java/lang/ClassNotFoundException': org/gradle/api/tasks/Delete_DecoratedCustomizer> (0x00000000e4dc8738) thrown at [D:\src\AOSP-openjdk-cygwin\jdk8u\hotspot\src\share\vm\classfile\systemDictionary.cpp, line 210]
Event: 8.612 Thread 0x000000001929e800 Exception <a 'java/lang/ClassNotFoundException': build_rbdhc785zekqg128mcy0icvnBeanInfo> (0x00000000e4ef9ce8) thrown at [D:\src\AOSP-openjdk-cygwin\jdk8u\hotspot\src\share\vm\classfile\systemDictionary.cpp, line 210]
Event: 8.612 Thread 0x000000001929e800 Exception <a 'java/lang/ClassNotFoundException': build_rbdhc785zekqg128mcy0icvnCustomizer> (0x00000000e4f041b8) thrown at [D:\src\AOSP-openjdk-cygwin\jdk8u\hotspot\src\share\vm\classfile\systemDictionary.cpp, line 210]

Events (10 events):
Event: 10.513 loading class com/google/common/base/Enums
Event: 10.513 loading class com/google/common/base/Enums done
Event: 10.514 loading class com/google/common/base/Enums$StringConverter
Event: 10.514 loading class com/google/common/base/Enums$StringConverter done
Event: 10.515 loading class org/gradle/api/tasks/testing/Test
Event: 10.515 loading class org/gradle/api/tasks/testing/Test done
Event: 10.517 loading class org/gradle/api/internal/DefaultDomainObjectSet
Event: 10.517 loading class org/gradle/api/internal/DefaultDomainObjectSet done
Event: 10.517 loading class org/gradle/api/JavaVersion
Event: 10.517 loading class org/gradle/api/JavaVersion done


Dynamic libraries:
0x00007ff63ab10000 - 0x00007ff63ab41000 	C:\Program Files\Android\Android Studio\jre\bin\java.exe
0x00007ff8aa870000 - 0x00007ff8aaa51000 	C:\WINDOWS\SYSTEM32\ntdll.dll
0x00007ff8aa520000 - 0x00007ff8aa5d2000 	C:\WINDOWS\System32\KERNEL32.DLL
0x00007ff8a77e0000 - 0x00007ff8a7a53000 	C:\WINDOWS\System32\KERNELBASE.dll
0x00007ff8a8130000 - 0x00007ff8a81d1000 	C:\WINDOWS\System32\ADVAPI32.dll
0x00007ff8a7f30000 - 0x00007ff8a7fce000 	C:\WINDOWS\System32\msvcrt.dll
0x00007ff8aa710000 - 0x00007ff8aa76b000 	C:\WINDOWS\System32\sechost.dll
0x00007ff8a9f90000 - 0x00007ff8aa0b4000 	C:\WINDOWS\System32\RPCRT4.dll
0x00007ff8a7da0000 - 0x00007ff8a7f30000 	C:\WINDOWS\System32\USER32.dll
0x00007ff8a77c0000 - 0x00007ff8a77e0000 	C:\WINDOWS\System32\win32u.dll
0x00007ff8aa770000 - 0x00007ff8aa798000 	C:\WINDOWS\System32\GDI32.dll
0x00007ff8a6c40000 - 0x00007ff8a6dd2000 	C:\WINDOWS\System32\gdi32full.dll
0x00007ff8a7bb0000 - 0x00007ff8a7c4f000 	C:\WINDOWS\System32\msvcp_win.dll
0x00007ff8a7ab0000 - 0x00007ff8a7baa000 	C:\WINDOWS\System32\ucrtbase.dll
0x00007ff890ac0000 - 0x00007ff890d29000 	C:\WINDOWS\WinSxS\amd64_microsoft.windows.common-controls_6595b64144ccf1df_6.0.17134.407_none_fb449d63306391e9\COMCTL32.dll
0x00007ff8aa140000 - 0x00007ff8aa462000 	C:\WINDOWS\System32\combase.dll
0x00007ff8a6de0000 - 0x00007ff8a6e5a000 	C:\WINDOWS\System32\bcryptPrimitives.dll
0x00007ff8a8240000 - 0x00007ff8a826d000 	C:\WINDOWS\System32\IMM32.DLL
0x0000000053ef0000 - 0x0000000053fc2000 	C:\Program Files\Android\Android Studio\jre\jre\bin\msvcr100.dll
0x00000000540b0000 - 0x00000000548ef000 	C:\Program Files\Android\Android Studio\jre\jre\bin\server\jvm.dll
0x00007ff8a8500000 - 0x00007ff8a8508000 	C:\WINDOWS\System32\PSAPI.DLL
0x00007ff8a48b0000 - 0x00007ff8a48ba000 	C:\WINDOWS\SYSTEM32\VERSION.dll
0x00007ff8a44e0000 - 0x00007ff8a4503000 	C:\WINDOWS\SYSTEM32\WINMM.dll
0x00007ff88f9d0000 - 0x00007ff88f9d9000 	C:\WINDOWS\SYSTEM32\WSOCK32.dll
0x00007ff8a4090000 - 0x00007ff8a40ba000 	C:\WINDOWS\SYSTEM32\winmmbase.dll
0x00007ff8aa0c0000 - 0x00007ff8aa12c000 	C:\WINDOWS\System32\WS2_32.dll
0x00007ff8a7a60000 - 0x00007ff8a7aa9000 	C:\WINDOWS\System32\cfgmgr32.dll
0x00007ff88f530000 - 0x00007ff88f53f000 	C:\Program Files\Android\Android Studio\jre\jre\bin\verify.dll
0x00007ff88e470000 - 0x00007ff88e499000 	C:\Program Files\Android\Android Studio\jre\jre\bin\java.dll
0x00007ff88ec30000 - 0x00007ff88ec46000 	C:\Program Files\Android\Android Studio\jre\jre\bin\zip.dll
0x00007ff8a8520000 - 0x00007ff8a995f000 	C:\WINDOWS\System32\SHELL32.dll
0x00007ff8aa470000 - 0x00007ff8aa519000 	C:\WINDOWS\System32\shcore.dll
0x00007ff8a70b0000 - 0x00007ff8a77bd000 	C:\WINDOWS\System32\windows.storage.dll
0x00007ff8aa6b0000 - 0x00007ff8aa701000 	C:\WINDOWS\System32\shlwapi.dll
0x00007ff8a6c00000 - 0x00007ff8a6c11000 	C:\WINDOWS\System32\kernel.appcore.dll
0x00007ff8a6b80000 - 0x00007ff8a6b9f000 	C:\WINDOWS\System32\profapi.dll
0x00007ff8a6bb0000 - 0x00007ff8a6bfc000 	C:\WINDOWS\System32\powrprof.dll
0x00007ff8a6ba0000 - 0x00007ff8a6baa000 	C:\WINDOWS\System32\FLTLIB.DLL
0x00007ff899cd0000 - 0x00007ff899cea000 	C:\Program Files\Android\Android Studio\jre\jre\bin\net.dll
0x00007ff8a63a0000 - 0x00007ff8a6406000 	C:\WINDOWS\system32\mswsock.dll
0x00007ff899cb0000 - 0x00007ff899cc1000 	C:\Program Files\Android\Android Studio\jre\jre\bin\nio.dll
0x00007ff8a2460000 - 0x00007ff8a247e000 	C:\Users\nisch100\.gradle\native\25\windows-amd64\native-platform.dll
0x00007ff899c90000 - 0x00007ff899c9d000 	C:\Program Files\Android\Android Studio\jre\jre\bin\management.dll
0x00007ff8a6550000 - 0x00007ff8a6567000 	C:\WINDOWS\SYSTEM32\CRYPTSP.dll
0x00007ff8a5f80000 - 0x00007ff8a5fb3000 	C:\WINDOWS\system32\rsaenh.dll
0x00007ff8a66e0000 - 0x00007ff8a6705000 	C:\WINDOWS\SYSTEM32\bcrypt.dll
0x00007ff8a6ab0000 - 0x00007ff8a6ad8000 	C:\WINDOWS\SYSTEM32\USERENV.dll
0x00007ff8a6570000 - 0x00007ff8a657b000 	C:\WINDOWS\SYSTEM32\CRYPTBASE.dll
0x00007ff8a6120000 - 0x00007ff8a6158000 	C:\WINDOWS\SYSTEM32\IPHLPAPI.DLL
0x00007ff8aa130000 - 0x00007ff8aa138000 	C:\WINDOWS\System32\NSI.dll
0x00007ff89c770000 - 0x00007ff89c786000 	C:\WINDOWS\SYSTEM32\dhcpcsvc6.DLL
0x00007ff89c620000 - 0x00007ff89c63a000 	C:\WINDOWS\SYSTEM32\dhcpcsvc.DLL

VM Arguments:
jvm_args: -Xmx1536m -Dfile.encoding=windows-1252 -Duser.country=US -Duser.language=en -Duser.variant 
java_command: org.gradle.launcher.daemon.bootstrap.GradleDaemon 4.4
java_class_path (initial): C:\Users\nisch100\.gradle\wrapper\dists\gradle-4.4-all\9br9xq1tocpiv8o6njlyu5op1\gradle-4.4\lib\gradle-launcher-4.4.jar
Launcher Type: SUN_STANDARD

Environment Variables:
PATH=C:\Program Files (x86)\Common Files\Oracle\Java\javapath;C:\ProgramData\Oracle\Java\javapath;C:\Program Files (x86)\Common Files\Intel\Shared Libraries\redist\ia32\mpirt;C:\Program Files (x86)\Common Files\Intel\Shared Libraries\redist\ia32\compiler;C:\Program Files (x86)\Lenovo\FusionEngine;C:\Program Files (x86)\Intel\iCLS Client\;C:\Program Files\Intel\iCLS Client\;C:\WINDOWS\system32;C:\WINDOWS;C:\WINDOWS\System32\Wbem;C:\WINDOWS\System32\WindowsPowerShell\v1.0\;C:\Program Files\Intel\Intel(R) Management Engine Components\DAL;C:\Program Files\Intel\Intel(R) Management Engine Components\IPT;C:\Program Files (x86)\Intel\Intel(R) Management Engine Components\DAL;C:\Program Files (x86)\Intel\Intel(R) Management Engine Components\IPT;C:\Program Files\Intel\WiFi\bin\;C:\Program Files\Common Files\Intel\WirelessCommon\;C:\Program Files (x86)\Lenovo\Motion Control\;C:\Program Files (x86)\Common Files\lenovo\easyplussdk\bin;C:\Program Files (x86)\GtkSharp\2.12\bin;C:\Program Files (x86)\Skype\Phone\;C:\Program Files\nodejs\;C:\RailsInstaller\Git\cmd;C:\WINDOWS\System32\OpenSSH\;C:\Users\nisch100\AppData\Local\Programs\Python\Python36\Scripts\;C:\Users\nisch100\AppData\Local\Programs\Python\Python36\;C:\RailsInstaller\Git\cmd;C:\RailsInstaller\Ruby2.3.0\bin;C:\Users\nisch100\Anaconda3;C:\Users\nisch100\Anaconda3\Scripts;C:\Users\nisch100\Anaconda3\Library\bin;C:\Ruby22\bin;C:\Ruby23\bin;C:\Users\nisch100\AppData\Local\Programs\Python\Python35-32\Scripts\;C:\Users\nisch100\AppData\Local\Programs\Python\Python35-32\;C:\Program Files\Heroku\bin;C:\Users\nisch100\AppData\Local\atom\bin;C:\Users\nisch100\AppData\Local\Microsoft\WindowsApps;;C:\Program Files\Microsoft VS Code\bin;C:\Users\nisch100\AppData\Roaming\npm
USERNAME=nisch100
OS=Windows_NT
PROCESSOR_IDENTIFIER=Intel64 Family 6 Model 69 Stepping 1, GenuineIntel



---------------  S Y S T E M  ---------------

OS: Windows 10.0 , 64 bit Build 17134 (10.0.17134.1)

CPU:total 4 (initial active 4) (2 cores per cpu, 2 threads per core) family 6 model 69 stepping 1, cmov, cx8, fxsr, mmx, sse, sse2, sse3, ssse3, sse4.1, sse4.2, popcnt, avx, avx2, aes, clmul, erms, lzcnt, ht, tsc, tscinvbit, bmi1, bmi2

Memory: 4k page, physical 8307672k(1649548k free), swap 10263512k(5136k free)

vm_info: OpenJDK 64-Bit Server VM (25.152-b02) for windows-amd64 JRE (1.8.0_152-release-1024-b02), built by "builder" with MS VC++ 10.0 (VS2010)

time: Thu Nov 29 17:48:30 2018
elapsed time: 10 seconds (0d 0h 0m 10s)

